/*C15*/SET SCHEMA PUBLIC
INSERT INTO FINANCEIRO VALUES(59,'Teste 1','2018-02-10',5.0E0,1)
ALTER SEQUENCE PUBLIC.SEQ_FINANCEIRO_ID RESTART WITH 60
COMMIT
INSERT INTO FINANCEIRO VALUES(60,'Teste 2','2018-02-10',10.0E0,2)
ALTER SEQUENCE PUBLIC.SEQ_FINANCEIRO_ID RESTART WITH 61
COMMIT
DELETE FROM FINANCEIRO WHERE ID=59
DELETE FROM FINANCEIRO WHERE ID=60
COMMIT
/*C17*/SET SCHEMA PUBLIC
INSERT INTO FINANCEIRO VALUES(61,'Teste Inserir','2018-02-10',5.0E0,1)
ALTER SEQUENCE PUBLIC.SEQ_FINANCEIRO_ID RESTART WITH 62
COMMIT
DELETE FROM FINANCEIRO WHERE ID=61
COMMIT
/*C22*/SET SCHEMA PUBLIC
INSERT INTO FINANCEIRO VALUES(62,'Teste Alterar','2018-02-10',5.0E0,1)
ALTER SEQUENCE PUBLIC.SEQ_FINANCEIRO_ID RESTART WITH 63
COMMIT
DELETE FROM FINANCEIRO WHERE ID=62
INSERT INTO FINANCEIRO VALUES(62,'Teste Alterado','2018-02-10',15.0E0,2)
COMMIT
